\BOOKMARK [1][-]{section.1}{1 Introduction}{}% 1
\BOOKMARK [1][-]{section.2}{2 Background}{}% 2
\BOOKMARK [2][-]{subsection.2.1}{2.1 A Basic Planetary Spectrum}{section.2}% 3
\BOOKMARK [2][-]{subsection.2.2}{2.2 Forward Modelling}{section.2}% 4
\BOOKMARK [3][-]{subsubsection.2.2.1}{2.2.1 Molecular Spectroscopy}{subsection.2.2}% 5
\BOOKMARK [3][-]{subsubsection.2.2.2}{2.2.2 The Radiative Transfer Equation}{subsection.2.2}% 6
\BOOKMARK [3][-]{subsubsection.2.2.3}{2.2.3 Sources of Opacity}{subsection.2.2}% 7
\BOOKMARK [3][-]{subsubsection.2.2.4}{2.2.4 Line by Line Models}{subsection.2.2}% 8
\BOOKMARK [3][-]{subsubsection.2.2.5}{2.2.5 Correlated-k}{subsection.2.2}% 9
\BOOKMARK [2][-]{subsection.2.3}{2.3 Inverse Modelling - Spectral Retrieval}{section.2}% 10
\BOOKMARK [3][-]{subsubsection.2.3.1}{2.3.1 The Retrieval Problem}{subsection.2.3}% 11
\BOOKMARK [3][-]{subsubsection.2.3.2}{2.3.2 Optimal Estimation and Tuning}{subsection.2.3}% 12
\BOOKMARK [3][-]{subsubsection.2.3.3}{2.3.3 Retrieval Error Analysis}{subsection.2.3}% 13
\BOOKMARK [3][-]{subsubsection.2.3.4}{2.3.4 Functional Derivatives and Vertical Sensitivity}{subsection.2.3}% 14
\BOOKMARK [2][-]{subsection.2.4}{2.4 A Brief History of NEMESIS}{section.2}% 15
\BOOKMARK [1][-]{section.3}{3 Code Structure}{}% 16
\BOOKMARK [2][-]{subsection.3.1}{3.1 Raddata}{section.3}% 17
\BOOKMARK [2][-]{subsection.3.2}{3.2 Radtran}{section.3}% 18
\BOOKMARK [2][-]{subsection.3.3}{3.3 NEMESIS}{section.3}% 19
\BOOKMARK [1][-]{section.4}{4 Running NEMESIS}{}% 20
\BOOKMARK [2][-]{subsection.4.1}{4.1 Input Files}{section.4}% 21
\BOOKMARK [3][-]{subsubsection.4.1.1}{4.1.1 Atmospheric Inputs}{subsection.4.1}% 22
\BOOKMARK [3][-]{subsubsection.4.1.2}{4.1.2 NEMESIS Flags}{subsection.4.1}% 23
\BOOKMARK [3][-]{subsubsection.4.1.3}{4.1.3 Spectral Inputs}{subsection.4.1}% 24
\BOOKMARK [3][-]{subsubsection.4.1.4}{4.1.4 Measurement Inputs}{subsection.4.1}% 25
\BOOKMARK [2][-]{subsection.4.2}{4.2 Intermediate Files}{section.4}% 26
\BOOKMARK [2][-]{subsection.4.3}{4.3 Output Files}{section.4}% 27
\BOOKMARK [1][-]{section.5}{5 Summary}{}% 28
